Performing C SOURCE FILE Test CMAKE_HAVE_LIBC_PTHREAD failed with the following output:
Change Dir: /home/supergohan/Desktop/Di_Project/Src/cmake-build-debug/CMakeFiles/CMakeTmp

Run Build Command(s):/usr/bin/make cmTC_26600/fast && /usr/bin/make -f CMakeFiles/cmTC_26600.dir/build.make CMakeFiles/cmTC_26600.dir/build
make[1]: Entering directory '/home/supergohan/Desktop/Di_Project/Src/cmake-build-debug/CMakeFiles/CMakeTmp'
Building C object CMakeFiles/cmTC_26600.dir/src.c.o
/usr/bin/gcc   -DCMAKE_HAVE_LIBC_PTHREAD   -o CMakeFiles/cmTC_26600.dir/src.c.o   -c /home/supergohan/Desktop/Di_Project/Src/cmake-build-debug/CMakeFiles/CMakeTmp/src.c
Linking C executable cmTC_26600
/snap/clion/88/bin/cmake/linux/bin/cmake -E cmake_link_script CMakeFiles/cmTC_26600.dir/link.txt --verbose=1
/usr/bin/gcc  -DCMAKE_HAVE_LIBC_PTHREAD    -rdynamic CMakeFiles/cmTC_26600.dir/src.c.o  -o cmTC_26600 
CMakeFiles/cmTC_26600.dir/src.c.o: In function `main':
src.c:(.text+0x3e): undefined reference to `pthread_create'
src.c:(.text+0x4a): undefined reference to `pthread_detach'
src.c:(.text+0x5b): undefined reference to `pthread_join'
src.c:(.text+0x6f): undefined reference to `pthread_atfork'
collect2: error: ld returned 1 exit status
CMakeFiles/cmTC_26600.dir/build.make:86: recipe for target 'cmTC_26600' failed
make[1]: *** [cmTC_26600] Error 1
make[1]: Leaving directory '/home/supergohan/Desktop/Di_Project/Src/cmake-build-debug/CMakeFiles/CMakeTmp'
Makefile:121: recipe for target 'cmTC_26600/fast' failed
make: *** [cmTC_26600/fast] Error 2


Source file was:
#include <pthread.h>

void* test_func(void* data)
{
  return data;
}

int main(void)
{
  pthread_t thread;
  pthread_create(&thread, NULL, test_func, NULL);
  pthread_detach(thread);
  pthread_join(thread, NULL);
  pthread_atfork(NULL, NULL, NULL);
  pthread_exit(NULL);

  return 0;
}

Determining if the function pthread_create exists in the pthreads failed with the following output:
Change Dir: /home/supergohan/Desktop/Di_Project/Src/cmake-build-debug/CMakeFiles/CMakeTmp

Run Build Command(s):/usr/bin/make cmTC_6f26f/fast && /usr/bin/make -f CMakeFiles/cmTC_6f26f.dir/build.make CMakeFiles/cmTC_6f26f.dir/build
make[1]: Entering directory '/home/supergohan/Desktop/Di_Project/Src/cmake-build-debug/CMakeFiles/CMakeTmp'
Building C object CMakeFiles/cmTC_6f26f.dir/CheckFunctionExists.c.o
/usr/bin/gcc   -DCHECK_FUNCTION_EXISTS=pthread_create   -o CMakeFiles/cmTC_6f26f.dir/CheckFunctionExists.c.o   -c /snap/clion/88/bin/cmake/linux/share/cmake-3.15/Modules/CheckFunctionExists.c
Linking C executable cmTC_6f26f
/snap/clion/88/bin/cmake/linux/bin/cmake -E cmake_link_script CMakeFiles/cmTC_6f26f.dir/link.txt --verbose=1
/usr/bin/gcc  -DCHECK_FUNCTION_EXISTS=pthread_create    -rdynamic CMakeFiles/cmTC_6f26f.dir/CheckFunctionExists.c.o  -o cmTC_6f26f -lpthreads 
/usr/bin/ld: cannot find -lpthreads
collect2: error: ld returned 1 exit status
CMakeFiles/cmTC_6f26f.dir/build.make:86: recipe for target 'cmTC_6f26f' failed
make[1]: *** [cmTC_6f26f] Error 1
make[1]: Leaving directory '/home/supergohan/Desktop/Di_Project/Src/cmake-build-debug/CMakeFiles/CMakeTmp'
Makefile:121: recipe for target 'cmTC_6f26f/fast' failed
make: *** [cmTC_6f26f/fast] Error 2



